{
  "stats": {
    "suites": 4,
    "tests": 26,
    "passes": 26,
    "pending": 0,
    "failures": 0,
    "start": "2019-05-18T13:02:35.595Z",
    "end": "2019-05-18T13:02:35.595Z",
    "duration": 35812,
    "testsRegistered": 26,
    "passPercent": 100,
    "pendingPercent": 0,
    "other": 0,
    "hasOther": false,
    "skipped": 0,
    "hasSkipped": false,
    "passPercentClass": "warning",
    "pendingPercentClass": "danger"
  },
  "suites": {
    "uuid": "5c51ead4-3834-452c-ad66-45dab3db32f7",
    "tests": [],
    "suites": [
      {
        "uuid": "f89284d5-113e-4868-a54c-2f134e733571",
        "title": "Aloitustoimenpiteet ja tarkistukset",
        "fullFile": "",
        "file": "",
        "beforeHooks": [],
        "afterHooks": [],
        "tests": [
          {
            "title": "Sivusto on pystyssä",
            "fullTitle": "Aloitustoimenpiteet ja tarkistukset Sivusto on pystyssä",
            "duration": 1339,
            "state": "passed",
            "speed": "slow",
            "pass": true,
            "fail": false,
            "pending": false,
            "code": "cy.visit(\"http://localhost:3000/\");",
            "err": {},
            "isRoot": false,
            "uuid": "4e95fc36-436f-4a4a-90c4-94e73708f823",
            "isHook": false,
            "skipped": false
          },
          {
            "title": "Sivusto sisältää oikeita elementtejä",
            "fullTitle": "Aloitustoimenpiteet ja tarkistukset Sivusto sisältää oikeita elementtejä",
            "duration": 49,
            "state": "passed",
            "speed": "medium",
            "pass": true,
            "fail": false,
            "pending": false,
            "code": "cy.contains(\"Tervetuloa suunnitelemaan opintojasi!\");\ncy.contains(\"Kirjaudu sisään\");\ncy.contains(\"Rekisteröidy\");",
            "err": {},
            "isRoot": false,
            "uuid": "170260f9-0312-4c98-83ed-402231d6797d",
            "isHook": false,
            "skipped": false
          },
          {
            "title": "Alustetaan tietokanta testejä varten",
            "fullTitle": "Aloitustoimenpiteet ja tarkistukset Alustetaan tietokanta testejä varten",
            "duration": 159,
            "state": "passed",
            "speed": "slow",
            "pass": true,
            "fail": false,
            "pending": false,
            "code": "cy.task(\"deleteAllUsers\");\ncy.task(\"deleteAllCourses\");",
            "err": {},
            "isRoot": false,
            "uuid": "48d5f556-afa6-4454-a562-c07de9f16938",
            "isHook": false,
            "skipped": false
          }
        ],
        "suites": [],
        "passes": [
          "4e95fc36-436f-4a4a-90c4-94e73708f823",
          "170260f9-0312-4c98-83ed-402231d6797d",
          "48d5f556-afa6-4454-a562-c07de9f16938"
        ],
        "failures": [],
        "pending": [],
        "skipped": [],
        "duration": 1547,
        "root": false,
        "rootEmpty": false,
        "_timeout": 2000
      },
      {
        "uuid": "74277a5b-3aa4-43d9-94cb-ac2760ed4b8f",
        "title": "Rekisteröinti",
        "fullFile": "",
        "file": "",
        "beforeHooks": [],
        "afterHooks": [],
        "tests": [
          {
            "title": "onnistuu oikeilla tiedoilla",
            "fullTitle": "Rekisteröinti onnistuu oikeilla tiedoilla",
            "duration": 3161,
            "state": "passed",
            "speed": "slow",
            "pass": true,
            "fail": false,
            "pending": false,
            "code": "cy.visit(\"http://localhost:3000\");\ncy.get(\"#registerName-simple\").type(\"testi\");\ncy.get(\"#password-simple\").type(\"salasana\");\ncy.get(\"#email-simple\").type(\"testiemail@gmail.com\");\ncy.get(\"#register-button\").click();\ncy.contains(\"Logout\").click();",
            "err": {},
            "isRoot": false,
            "uuid": "74272372-c48e-4efd-a317-ddd28e88483e",
            "isHook": false,
            "skipped": false
          },
          {
            "title": "ei onnistu jos salasana on liian lyhyt",
            "fullTitle": "Rekisteröinti ei onnistu jos salasana on liian lyhyt",
            "duration": 1488,
            "state": "passed",
            "speed": "slow",
            "pass": true,
            "fail": false,
            "pending": false,
            "code": "cy.visit(\"http://localhost:3000\");\ncy.get(\"#registerName-simple\").type(\"testi\");\ncy.get(\"#password-simple\").type(\"a\");\ncy.get(\"#email-simple\").type(\"testiemail@gmail.com\");\ncy.get(\"#register-button\").click();\ncy.contains(\"Salasanan tulee olla ainakin 5 merkkiä pitkä!\");",
            "err": {},
            "isRoot": false,
            "uuid": "0e8d5a77-a690-4544-8348-3ccae0fc4c3d",
            "isHook": false,
            "skipped": false
          },
          {
            "title": "ei onnistu jos email on virheellinen",
            "fullTitle": "Rekisteröinti ei onnistu jos email on virheellinen",
            "duration": 1803,
            "state": "passed",
            "speed": "slow",
            "pass": true,
            "fail": false,
            "pending": false,
            "code": "cy.visit(\"http://localhost:3000\");\ncy.get(\"#registerName-simple\").type(\"testi_teuvo\");\ncy.get(\"#password-simple\").type(\"salasana\");\ncy.get(\"#email-simple\").type(\"testiemail.gmail.com\");\ncy.get(\"#register-button\").click();\ncy.contains(\"Sähköpostiosoitteesi ei kelvannut.\");",
            "err": {},
            "isRoot": false,
            "uuid": "fcb9bbb8-6f24-4c19-94a3-e2b4eec72910",
            "isHook": false,
            "skipped": false
          },
          {
            "title": "kirjaa käyttäjän sisään jos hän yrittää rekisteröityä olemassaolevilla tunnuksilla",
            "fullTitle": "Rekisteröinti kirjaa käyttäjän sisään jos hän yrittää rekisteröityä olemassaolevilla tunnuksilla",
            "duration": 2205,
            "state": "passed",
            "speed": "slow",
            "pass": true,
            "fail": false,
            "pending": false,
            "code": "cy.visit(\"http://localhost:3000\");\ncy.get(\"#registerName-simple\").type(\"testi\");\ncy.get(\"#password-simple\").type(\"salasana\");\ncy.get(\"#email-simple\").type(\"testiemail@gmail.com\");\ncy.get(\"#register-button\").click();\ncy.contains(\"Kirjauduit sisään käyttäjällä: testi\");\ncy.contains(\"Logout\").click();",
            "err": {},
            "isRoot": false,
            "uuid": "6b36f5b8-aa05-4321-a8fe-f8e9a03bc85f",
            "isHook": false,
            "skipped": false
          }
        ],
        "suites": [],
        "passes": [
          "74272372-c48e-4efd-a317-ddd28e88483e",
          "0e8d5a77-a690-4544-8348-3ccae0fc4c3d",
          "fcb9bbb8-6f24-4c19-94a3-e2b4eec72910",
          "6b36f5b8-aa05-4321-a8fe-f8e9a03bc85f"
        ],
        "failures": [],
        "pending": [],
        "skipped": [],
        "duration": 8657,
        "root": false,
        "rootEmpty": false,
        "_timeout": 2000
      },
      {
        "uuid": "867bbe00-989d-4a01-a470-68101582319f",
        "title": "Kirjautuminen",
        "fullFile": "",
        "file": "",
        "beforeHooks": [],
        "afterHooks": [],
        "tests": [
          {
            "title": "toimii oikealla salasanalla ja käyttäjätunnuksella",
            "fullTitle": "Kirjautuminen toimii oikealla salasanalla ja käyttäjätunnuksella",
            "duration": 1663,
            "state": "passed",
            "speed": "slow",
            "pass": true,
            "fail": false,
            "pending": false,
            "code": "cy.visit(\"http://localhost:3000\");\ncy.get('input[name=\"username\"]').first().type(\"testi\");\ncy.get(\"#loginPassword-simple\").type(\"salasana\");\ncy.get(\"#loginButton\").click();\ncy.contains(\"Kirjauduit sisään käyttäjällä: testi\");",
            "err": {},
            "isRoot": false,
            "uuid": "027450a3-ed8e-4cf9-8a8a-88c7eb75a44c",
            "isHook": false,
            "skipped": false
          },
          {
            "title": "uloskirjautuminen toimii",
            "fullTitle": "Kirjautuminen uloskirjautuminen toimii",
            "duration": 200,
            "state": "passed",
            "speed": "slow",
            "pass": true,
            "fail": false,
            "pending": false,
            "code": "cy.contains(\"Logout\").click();\nexpect(window.localStorage.length).to.equal(0);\ncy.contains(\"Uloskirjautuminen onnistui!\");",
            "err": {},
            "isRoot": false,
            "uuid": "262dde37-766e-4ebd-ab46-c1fea0e8b0bd",
            "isHook": false,
            "skipped": false
          },
          {
            "title": "ei toimi virheellisellä käyttäjätunnuksella",
            "fullTitle": "Kirjautuminen ei toimi virheellisellä käyttäjätunnuksella",
            "duration": 1761,
            "state": "passed",
            "speed": "slow",
            "pass": true,
            "fail": false,
            "pending": false,
            "code": "cy.visit(\"http://localhost:3000\");\ncy.get('input[name=\"username\"]').first().type(\"kissa\");\ncy.get(\"#loginPassword-simple\").type(\"salasana\");\ncy.get(\"#loginButton\").click();\ncy.contains(\"Virheellinen käyttäjätunnus tai salasana.\");",
            "err": {},
            "isRoot": false,
            "uuid": "afa10153-9733-44bd-91d8-c5882a2dd239",
            "isHook": false,
            "skipped": false
          },
          {
            "title": "ei toimi ilman käyttäjätunnusta",
            "fullTitle": "Kirjautuminen ei toimi ilman käyttäjätunnusta",
            "duration": 928,
            "state": "passed",
            "speed": "slow",
            "pass": true,
            "fail": false,
            "pending": false,
            "code": "cy.visit(\"http://localhost:3000\");\ncy.get(\"#loginPassword-simple\").type(\"salasana\");\ncy.get(\"#loginButton\").click();\ncy.contains(\"Älä jätä mitään kenttää tyhjäksi!\");",
            "err": {},
            "isRoot": false,
            "uuid": "e0b57d58-8142-43ff-bf52-713b964dd3e7",
            "isHook": false,
            "skipped": false
          },
          {
            "title": "ei toimi ilman salasanaa",
            "fullTitle": "Kirjautuminen ei toimi ilman salasanaa",
            "duration": 934,
            "state": "passed",
            "speed": "slow",
            "pass": true,
            "fail": false,
            "pending": false,
            "code": "cy.visit(\"http://localhost:3000\");\ncy.get('input[name=\"username\"]').first().type(\"kissa\");\ncy.get(\"#loginButton\").click();\ncy.contains(\"Älä jätä mitään kenttää tyhjäksi!\");",
            "err": {},
            "isRoot": false,
            "uuid": "a93962e2-ae2c-42d2-8cd8-60ea31ccfa36",
            "isHook": false,
            "skipped": false
          },
          {
            "title": "ei toimi ilman käyttäjätunnusta ja salasanaa",
            "fullTitle": "Kirjautuminen ei toimi ilman käyttäjätunnusta ja salasanaa",
            "duration": 598,
            "state": "passed",
            "speed": "slow",
            "pass": true,
            "fail": false,
            "pending": false,
            "code": "cy.visit(\"http://localhost:3000\");\ncy.get(\"#loginButton\").click();\ncy.contains(\"Älä jätä mitään kenttää tyhjäksi!\");",
            "err": {},
            "isRoot": false,
            "uuid": "11cc6ada-3809-4e67-9c12-eb1bf4fedf0b",
            "isHook": false,
            "skipped": false
          }
        ],
        "suites": [],
        "passes": [
          "027450a3-ed8e-4cf9-8a8a-88c7eb75a44c",
          "262dde37-766e-4ebd-ab46-c1fea0e8b0bd",
          "afa10153-9733-44bd-91d8-c5882a2dd239",
          "e0b57d58-8142-43ff-bf52-713b964dd3e7",
          "a93962e2-ae2c-42d2-8cd8-60ea31ccfa36",
          "11cc6ada-3809-4e67-9c12-eb1bf4fedf0b"
        ],
        "failures": [],
        "pending": [],
        "skipped": [],
        "duration": 6084,
        "root": false,
        "rootEmpty": false,
        "_timeout": 2000
      },
      {
        "uuid": "c4650029-667a-458d-b6c1-21e0971b87d3",
        "title": "Kurssin CRUD toiminnallisuus",
        "fullFile": "",
        "file": "",
        "beforeHooks": [],
        "afterHooks": [],
        "tests": [],
        "suites": [
          {
            "uuid": "3a475acf-2024-4620-879c-ca43da1ff49f",
            "title": "Lisäys:",
            "fullFile": "",
            "file": "",
            "beforeHooks": [],
            "afterHooks": [],
            "tests": [
              {
                "title": "toimii oikeilla tiedoilla",
                "fullTitle": "Kurssin CRUD toiminnallisuus Lisäys: toimii oikeilla tiedoilla",
                "duration": 3818,
                "state": "passed",
                "speed": "slow",
                "pass": true,
                "fail": false,
                "pending": false,
                "code": "cy.get('[style=\"margin-left: 10px;\"] > .MuiInput-root-408 > #name-simple').type(\"Ohjelmistojen testaus\");\ncy.get('#length-simple').type(\"1\");\ncy.get('#credits-simple').type(\"5\");\ncy.contains('Lisää kurssi').click();\ncy.contains(\"Ohjelmistojen testaus\");\ncy.contains(\"1 periodia\");\ncy.get('.courseContainer').should('have.length', 1);",
                "err": {},
                "isRoot": false,
                "uuid": "415fb48a-182e-4463-a5df-c0e1a44fb1d5",
                "isHook": false,
                "skipped": false
              },
              {
                "title": "ei toimi ilman nimeä",
                "fullTitle": "Kurssin CRUD toiminnallisuus Lisäys: ei toimi ilman nimeä",
                "duration": 1271,
                "state": "passed",
                "speed": "slow",
                "pass": true,
                "fail": false,
                "pending": false,
                "code": "cy.get('[style=\"margin-left: 10px;\"] > .MuiInput-root-408 > #name-simple').clear();\ncy.get('#length-simple').type(\"2\");\ncy.get('#credits-simple').type(\"5\");\ncy.contains('Lisää kurssi').click();\ncy.get('.courseContainer').should('have.length', 1);",
                "err": {},
                "isRoot": false,
                "uuid": "94071fa2-df5a-4278-b30b-7b0aeaf0c738",
                "isHook": false,
                "skipped": false
              },
              {
                "title": "ei toimi jos kurssi kestää yli 4 periodia",
                "fullTitle": "Kurssin CRUD toiminnallisuus Lisäys: ei toimi jos kurssi kestää yli 4 periodia",
                "duration": 1360,
                "state": "passed",
                "speed": "slow",
                "pass": true,
                "fail": false,
                "pending": false,
                "code": "cy.get('[style=\"margin-left: 10px;\"] > .MuiInput-root-408 > #name-simple').type(\"Pitkä kurssi\");\ncy.get('#length-simple').type(\"5\");\ncy.get('#credits-simple').type(\"5\");\ncy.contains('Lisää kurssi').click();\ncy.get('.courseContainer').should('have.length', 1);",
                "err": {},
                "isRoot": false,
                "uuid": "926949d4-1897-4a4f-a276-539faeeec3cb",
                "isHook": false,
                "skipped": false
              },
              {
                "title": "ei toimi jos kurssi kestää 0 periodia",
                "fullTitle": "Kurssin CRUD toiminnallisuus Lisäys: ei toimi jos kurssi kestää 0 periodia",
                "duration": 1422,
                "state": "passed",
                "speed": "slow",
                "pass": true,
                "fail": false,
                "pending": false,
                "code": "cy.get('[style=\"margin-left: 10px;\"] > .MuiInput-root-408 > #name-simple').type(\"Lyhyt kurssi\");\ncy.get('#length-simple').type(\"0\");\ncy.get('#credits-simple').type(\"5\");\ncy.contains('Lisää kurssi').click();\ncy.get('.courseContainer').should('have.length', 1);",
                "err": {},
                "isRoot": false,
                "uuid": "6e637ec5-039d-4ae3-ac99-ab130a33628e",
                "isHook": false,
                "skipped": false
              },
              {
                "title": "ei toimi jos kurssista saa 0 opintopistettä",
                "fullTitle": "Kurssin CRUD toiminnallisuus Lisäys: ei toimi jos kurssista saa 0 opintopistettä",
                "duration": 1373,
                "state": "passed",
                "speed": "slow",
                "pass": true,
                "fail": false,
                "pending": false,
                "code": "cy.get('[style=\"margin-left: 10px;\"] > .MuiInput-root-408 > #name-simple').type(\"Perus kurssi\");\ncy.get('#length-simple').type(\"1\");\ncy.get('#credits-simple').type(\"0\");\ncy.contains('Lisää kurssi').click();\ncy.get('.courseContainer').should('have.length', 1);",
                "err": {},
                "isRoot": false,
                "uuid": "3f8c30fa-3e80-46fb-8591-38f4a06d9bb3",
                "isHook": false,
                "skipped": false
              },
              {
                "title": "ei toimi jos kurssista saa yli 100 opintopistettä",
                "fullTitle": "Kurssin CRUD toiminnallisuus Lisäys: ei toimi jos kurssista saa yli 100 opintopistettä",
                "duration": 1437,
                "state": "passed",
                "speed": "slow",
                "pass": true,
                "fail": false,
                "pending": false,
                "code": "cy.get('[style=\"margin-left: 10px;\"] > .MuiInput-root-408 > #name-simple').type(\"Perus kurssi\");\ncy.get('#length-simple').type(\"1\");\ncy.get('#credits-simple').type(\"100\");\ncy.contains('Lisää kurssi').click();\ncy.get('.courseContainer').should('have.length', 1);",
                "err": {},
                "isRoot": false,
                "uuid": "5d4b6ba4-e998-46a5-b318-367038cdcb53",
                "isHook": false,
                "skipped": false
              },
              {
                "title": "lisää kurssin näytettävään listaan",
                "fullTitle": "Kurssin CRUD toiminnallisuus Lisäys: lisää kurssin näytettävään listaan",
                "duration": 1871,
                "state": "passed",
                "speed": "slow",
                "pass": true,
                "fail": false,
                "pending": false,
                "code": "cy.get('[style=\"margin-left: 10px;\"] > .MuiInput-root-408 > #name-simple').type(\"Tietorakenteet ja Algoritmit\");\ncy.get('#length-simple').type(\"2\");\ncy.get('#credits-simple').type(\"10\");\ncy.contains('Lisää kurssi').click();\ncy.contains(\"Tietorakenteet ja Algoritmit\");\ncy.contains(\"2 periodia\");\ncy.get('.courseContainer').should('have.length', 2);",
                "err": {},
                "isRoot": false,
                "uuid": "cface9b3-de8e-47e5-91e3-46f51f508063",
                "isHook": false,
                "skipped": false
              }
            ],
            "suites": [],
            "passes": [
              "415fb48a-182e-4463-a5df-c0e1a44fb1d5",
              "94071fa2-df5a-4278-b30b-7b0aeaf0c738",
              "926949d4-1897-4a4f-a276-539faeeec3cb",
              "6e637ec5-039d-4ae3-ac99-ab130a33628e",
              "3f8c30fa-3e80-46fb-8591-38f4a06d9bb3",
              "5d4b6ba4-e998-46a5-b318-367038cdcb53",
              "cface9b3-de8e-47e5-91e3-46f51f508063"
            ],
            "failures": [],
            "pending": [],
            "skipped": [],
            "duration": 12552,
            "root": false,
            "rootEmpty": false,
            "_timeout": 2000
          },
          {
            "uuid": "a1319c3c-e002-488b-8f79-d24bfec4af67",
            "title": "Poisto:",
            "fullFile": "",
            "file": "",
            "beforeHooks": [],
            "afterHooks": [],
            "tests": [
              {
                "title": "toimii jos kirjautunut käyttäjä omistaa kurssin",
                "fullTitle": "Kurssin CRUD toiminnallisuus Poisto: toimii jos kirjautunut käyttäjä omistaa kurssin",
                "duration": 156,
                "state": "passed",
                "speed": "slow",
                "pass": true,
                "fail": false,
                "pending": false,
                "code": "//Tarkoitus poistaa listan 1. kurssi Ohjelmistojen testaus\ncy.get(':nth-child(3) > .buttons > [title=\"Poista kurssi\"]').click();\ncy.get('.courseContainer').should('have.length', 1);",
                "err": {},
                "isRoot": false,
                "uuid": "26508418-35fb-489e-983b-234d1a1516e6",
                "isHook": false,
                "skipped": false
              }
            ],
            "suites": [],
            "passes": [
              "26508418-35fb-489e-983b-234d1a1516e6"
            ],
            "failures": [],
            "pending": [],
            "skipped": [],
            "duration": 156,
            "root": false,
            "rootEmpty": false,
            "_timeout": 2000
          },
          {
            "uuid": "9a7722d0-7d9f-46cf-82ee-9b79e72e5cbc",
            "title": "Muokkaus:",
            "fullFile": "",
            "file": "",
            "beforeHooks": [],
            "afterHooks": [],
            "tests": [
              {
                "title": "nimeä voi muuttaa",
                "fullTitle": "Kurssin CRUD toiminnallisuus Muokkaus: nimeä voi muuttaa",
                "duration": 1847,
                "state": "passed",
                "speed": "slow",
                "pass": true,
                "fail": false,
                "pending": false,
                "code": "cy.get('a > .material-icons').click();\ncy.contains(\"Tallenna muutokset\");\ncy.get('#name-simple').clear().type(\"Uusi nimi\");\ncy.contains(\"Tallenna muutokset\").click();\ncy.contains(\"Muutokset tallennettu!\");\ncy.contains(\"Uusi nimi\");",
                "err": {},
                "isRoot": false,
                "uuid": "022f4022-87d7-49c2-9ade-0d3840b870ef",
                "isHook": false,
                "skipped": false
              },
              {
                "title": "pituutta voi muuttaa",
                "fullTitle": "Kurssin CRUD toiminnallisuus Muokkaus: pituutta voi muuttaa",
                "duration": 1108,
                "state": "passed",
                "speed": "slow",
                "pass": true,
                "fail": false,
                "pending": false,
                "code": "cy.get('a > .material-icons').click();\ncy.contains(\"Tallenna muutokset\");\ncy.get('#length-simple').clear().type(\"1\");\ncy.contains(\"Tallenna muutokset\").click();\ncy.contains(\"Muutokset tallennettu!\");\ncy.contains(\"1 periodia\");",
                "err": {},
                "isRoot": false,
                "uuid": "ba74bcc0-f039-4fba-be37-0316413ba535",
                "isHook": false,
                "skipped": false
              },
              {
                "title": "opintopistemäärää voi muuttaa",
                "fullTitle": "Kurssin CRUD toiminnallisuus Muokkaus: opintopistemäärää voi muuttaa",
                "duration": 1161,
                "state": "passed",
                "speed": "slow",
                "pass": true,
                "fail": false,
                "pending": false,
                "code": "cy.get('a > .material-icons').click();\ncy.contains(\"Tallenna muutokset\");\ncy.get('#credits-simple').clear().type(\"1\");\ncy.contains(\"Tallenna muutokset\").click();\ncy.contains(\"Muutokset tallennettu!\");\ncy.contains(\"1 op\");",
                "err": {},
                "isRoot": false,
                "uuid": "a5d88d0f-2da4-40e0-a179-fdd4d17c9591",
                "isHook": false,
                "skipped": false
              },
              {
                "title": "tavoitetta voi muuttaa",
                "fullTitle": "Kurssin CRUD toiminnallisuus Muokkaus: tavoitetta voi muuttaa",
                "duration": 1364,
                "state": "passed",
                "speed": "slow",
                "pass": true,
                "fail": false,
                "pending": false,
                "code": "cy.get('a > .material-icons').click();\ncy.contains(\"Tallenna muutokset\");\ncy.get('#goal-simple').clear().type(\"1\");\ncy.contains(\"Tallenna muutokset\").click();\ncy.contains(\"Muutokset tallennettu!\");\ncy.contains(\"Tavoite: 1\");",
                "err": {},
                "isRoot": false,
                "uuid": "3dae90c6-fd3f-4449-b63d-316cee150d17",
                "isHook": false,
                "skipped": false
              },
              {
                "title": "haastavuutta voi muuttaa",
                "fullTitle": "Kurssin CRUD toiminnallisuus Muokkaus: haastavuutta voi muuttaa",
                "duration": 1336,
                "state": "passed",
                "speed": "slow",
                "pass": true,
                "fail": false,
                "pending": false,
                "code": "cy.get('a > .material-icons').click();\ncy.contains(\"Tallenna muutokset\");\ncy.get(\"select\").select(\"Vaikea\");\ncy.contains(\"Tallenna muutokset\").click();\ncy.contains(\"Vaikea / Vaikea (0)\");",
                "err": {},
                "isRoot": false,
                "uuid": "84522c9e-52bb-4a09-a845-312a84dc0619",
                "isHook": false,
                "skipped": false
              }
            ],
            "suites": [],
            "passes": [
              "022f4022-87d7-49c2-9ade-0d3840b870ef",
              "ba74bcc0-f039-4fba-be37-0316413ba535",
              "a5d88d0f-2da4-40e0-a179-fdd4d17c9591",
              "3dae90c6-fd3f-4449-b63d-316cee150d17",
              "84522c9e-52bb-4a09-a845-312a84dc0619"
            ],
            "failures": [],
            "pending": [],
            "skipped": [],
            "duration": 6816,
            "root": false,
            "rootEmpty": false,
            "_timeout": 2000
          }
        ],
        "passes": [],
        "failures": [],
        "pending": [],
        "skipped": [],
        "duration": 0,
        "root": false,
        "rootEmpty": false,
        "_timeout": 2000
      }
    ],
    "duration": 16288,
    "root": true,
    "rootEmpty": true,
    "title": "",
    "fullFile": "",
    "file": "",
    "beforeHooks": [],
    "afterHooks": [],
    "passes": [],
    "failures": [],
    "pending": [],
    "skipped": [],
    "_timeout": 2000
  },
  "copyrightYear": 2019
}